# JRE version: Java(TM) SE Runtime Environment (7.0_67-b01) (build 1.7.0_67-b01)
# Java VM: Java HotSpot(TM) 64-Bit Server VM (24.65-b04 mixed mode windows-amd64 compressed oops)
Heap
 PSYoungGen      total 462336K, used 231424K [0x00000007d5b00000, 0x0000000800000000, 0x0000000800000000)
  eden space 231424K, 100% used [0x00000007d5b00000,0x00000007e3d00000,0x00000007e3d00000)
  from space 230912K, 0% used [0x00000007f1e80000,0x00000007f1e80000,0x0000000800000000)
  to   space 230912K, 0% used [0x00000007e3d00000,0x00000007e3d00000,0x00000007f1e80000)
 ParOldGen       total 1385472K, used 1385471K [0x0000000781200000, 0x00000007d5b00000, 0x00000007d5b00000)
  object space 1385472K, 99% used [0x0000000781200000,0x00000007d5affff8,0x00000007d5b00000)
 PSPermGen       total 21504K, used 9645K [0x000000077c000000, 0x000000077d500000, 0x0000000781200000)
  object space 21504K, 44% used [0x000000077c000000,0x000000077c96b698,0x000000077d500000)
GC Heap History (10 events):
Event: 2982.394 GC heap before
{Heap before GC invocations=11759 (full 11725):
 PSYoungGen      total 462336K, used 231424K [0x00000007d5b00000, 0x0000000800000000, 0x0000000800000000)
  eden space 231424K, 100% used [0x00000007d5b00000,0x00000007e3d00000,0x00000007e3d00000)
  from space 230912K, 0% used [0x00000007f1e80000,0x00000007f1e80000,0x0000000800000000)
  to   space 230912K, 0% used [0x00000007e3d00000,0x00000007e3d00000,0x00000007f1e80000)
 ParOldGen       total 1385472K, used 1385471K [0x0000000781200000, 0x00000007d5b00000, 0x00000007d5b00000)
  object space 1385472K, 99% used [0x0000000781200000,0x00000007d5affff8,0x00000007d5b00000)
 PSPermGen       total 21504K, used 9645K [0x000000077c000000, 0x000000077d500000, 0x0000000781200000)
  object space 21504K, 44% used [0x000000077c000000,0x000000077c96b698,0x000000077d500000)
Event: 2982.441 GC heap after
Heap after GC invocations=11759 (full 11725):
 PSYoungGen      total 462336K, used 231424K [0x00000007d5b00000, 0x0000000800000000, 0x0000000800000000)
  eden space 231424K, 100% used [0x00000007d5b00000,0x00000007e3d00000,0x00000007e3d00000)
  from space 230912K, 0% used [0x00000007f1e80000,0x00000007f1e80000,0x0000000800000000)
  to   space 230912K, 0% used [0x00000007e3d00000,0x00000007e3d00000,0x00000007f1e80000)
 ParOldGen       total 1385472K, used 1385471K [0x0000000781200000, 0x00000007d5b00000, 0x00000007d5b00000)
  object space 1385472K, 99% used [0x0000000781200000,0x00000007d5affff8,0x00000007d5b00000)
 PSPermGen       total 21504K, used 9645K [0x000000077c000000, 0x000000077d500000, 0x0000000781200000)
  object space 21504K, 44% used [0x000000077c000000,0x000000077c96b698,0x000000077d500000)
}
Event: 2982.441 GC heap before
{Heap before GC invocations=11760 (full 11726):
 PSYoungGen      total 462336K, used 231424K [0x00000007d5b00000, 0x0000000800000000, 0x0000000800000000)
  eden space 231424K, 100% used [0x00000007d5b00000,0x00000007e3d00000,0x00000007e3d00000)
  from space 230912K, 0% used [0x00000007f1e80000,0x00000007f1e80000,0x0000000800000000)
  to   space 230912K, 0% used [0x00000007e3d00000,0x00000007e3d00000,0x00000007f1e80000)
 ParOldGen       total 1385472K, used 1385471K [0x0000000781200000, 0x00000007d5b00000, 0x00000007d5b00000)
  object space 1385472K, 99% used [0x0000000781200000,0x00000007d5affff8,0x00000007d5b00000)
 PSPermGen       total 21504K, used 9645K [0x000000077c000000, 0x000000077d500000, 0x0000000781200000)
  object space 21504K, 44% used [0x000000077c000000,0x000000077c96b698,0x000000077d500000)
Event: 2982.493 GC heap after
Heap after GC invocations=11760 (full 11726):
 PSYoungGen      total 462336K, used 231424K [0x00000007d5b00000, 0x0000000800000000, 0x0000000800000000)
  eden space 231424K, 100% used [0x00000007d5b00000,0x00000007e3d00000,0x00000007e3d00000)
  from space 230912K, 0% used [0x00000007f1e80000,0x00000007f1e80000,0x0000000800000000)
  to   space 230912K, 0% used [0x00000007e3d00000,0x00000007e3d00000,0x00000007f1e80000)
 ParOldGen       total 1385472K, used 1385471K [0x0000000781200000, 0x00000007d5b00000, 0x00000007d5b00000)
  object space 1385472K, 99% used [0x0000000781200000,0x00000007d5affff8,0x00000007d5b00000)
 PSPermGen       total 21504K, used 9645K [0x000000077c000000, 0x000000077d500000, 0x0000000781200000)
  object space 21504K, 44% used [0x000000077c000000,0x000000077c96b698,0x000000077d500000)
}
Event: 2982.493 GC heap before
{Heap before GC invocations=11761 (full 11727):
 PSYoungGen      total 462336K, used 231424K [0x00000007d5b00000, 0x0000000800000000, 0x0000000800000000)
  eden space 231424K, 100% used [0x00000007d5b00000,0x00000007e3d00000,0x00000007e3d00000)
  from space 230912K, 0% used [0x00000007f1e80000,0x00000007f1e80000,0x0000000800000000)
  to   space 230912K, 0% used [0x00000007e3d00000,0x00000007e3d00000,0x00000007f1e80000)
 ParOldGen       total 1385472K, used 1385471K [0x0000000781200000, 0x00000007d5b00000, 0x00000007d5b00000)
  object space 1385472K, 99% used [0x0000000781200000,0x00000007d5affff8,0x00000007d5b00000)
 PSPermGen       total 21504K, used 9645K [0x000000077c000000, 0x000000077d500000, 0x0000000781200000)
  object space 21504K, 44% used [0x000000077c000000,0x000000077c96b698,0x000000077d500000)
Event: 2982.541 GC heap after
Heap after GC invocations=11761 (full 11727):
 PSYoungGen      total 462336K, used 231424K [0x00000007d5b00000, 0x0000000800000000, 0x0000000800000000)
  eden space 231424K, 100% used [0x00000007d5b00000,0x00000007e3d00000,0x00000007e3d00000)
  from space 230912K, 0% used [0x00000007f1e80000,0x00000007f1e80000,0x0000000800000000)
  to   space 230912K, 0% used [0x00000007e3d00000,0x00000007e3d00000,0x00000007f1e80000)
 ParOldGen       total 1385472K, used 1385471K [0x0000000781200000, 0x00000007d5b00000, 0x00000007d5b00000)
  object space 1385472K, 99% used [0x0000000781200000,0x00000007d5affff8,0x00000007d5b00000)
 PSPermGen       total 21504K, used 9645K [0x000000077c000000, 0x000000077d500000, 0x0000000781200000)
  object space 21504K, 44% used [0x000000077c000000,0x000000077c96b698,0x000000077d500000)
}
Event: 2982.541 GC heap before
{Heap before GC invocations=11762 (full 11728):
 PSYoungGen      total 462336K, used 231424K [0x00000007d5b00000, 0x0000000800000000, 0x0000000800000000)
  eden space 231424K, 100% used [0x00000007d5b00000,0x00000007e3d00000,0x00000007e3d00000)
  from space 230912K, 0% used [0x00000007f1e80000,0x00000007f1e80000,0x0000000800000000)
  to   space 230912K, 0% used [0x00000007e3d00000,0x00000007e3d00000,0x00000007f1e80000)
 ParOldGen       total 1385472K, used 1385471K [0x0000000781200000, 0x00000007d5b00000, 0x00000007d5b00000)
  object space 1385472K, 99% used [0x0000000781200000,0x00000007d5affff8,0x00000007d5b00000)
 PSPermGen       total 21504K, used 9645K [0x000000077c000000, 0x000000077d500000, 0x0000000781200000)
  object space 21504K, 44% used [0x000000077c000000,0x000000077c96b698,0x000000077d500000)
Event: 2982.586 GC heap after
Heap after GC invocations=11762 (full 11728):
 PSYoungGen      total 462336K, used 231424K [0x00000007d5b00000, 0x0000000800000000, 0x0000000800000000)
  eden space 231424K, 100% used [0x00000007d5b00000,0x00000007e3d00000,0x00000007e3d00000)
  from space 230912K, 0% used [0x00000007f1e80000,0x00000007f1e80000,0x0000000800000000)
  to   space 230912K, 0% used [0x00000007e3d00000,0x00000007e3d00000,0x00000007f1e80000)
 ParOldGen       total 1385472K, used 1385471K [0x0000000781200000, 0x00000007d5b00000, 0x00000007d5b00000)
  object space 1385472K, 99% used [0x0000000781200000,0x00000007d5affff8,0x00000007d5b00000)
 PSPermGen       total 21504K, used 9645K [0x000000077c000000, 0x000000077d500000, 0x0000000781200000)
  object space 21504K, 44% used [0x000000077c000000,0x000000077c96b698,0x000000077d500000)
}
Event: 2982.586 GC heap before
{Heap before GC invocations=11763 (full 11729):
 PSYoungGen      total 462336K, used 231424K [0x00000007d5b00000, 0x0000000800000000, 0x0000000800000000)
  eden space 231424K, 100% used [0x00000007d5b00000,0x00000007e3d00000,0x00000007e3d00000)
  from space 230912K, 0% used [0x00000007f1e80000,0x00000007f1e80000,0x0000000800000000)
  to   space 230912K, 0% used [0x00000007e3d00000,0x00000007e3d00000,0x00000007f1e80000)
 ParOldGen       total 1385472K, used 1385471K [0x0000000781200000, 0x00000007d5b00000, 0x00000007d5b00000)
  object space 1385472K, 99% used [0x0000000781200000,0x00000007d5affff8,0x00000007d5b00000)
 PSPermGen       total 21504K, used 9645K [0x000000077c000000, 0x000000077d500000, 0x0000000781200000)
  object space 21504K, 44% used [0x000000077c000000,0x000000077c96b698,0x000000077d500000)
Event: 2982.634 GC heap after
Heap after GC invocations=11763 (full 11729):
 PSYoungGen      total 462336K, used 231424K [0x00000007d5b00000, 0x0000000800000000, 0x0000000800000000)
  eden space 231424K, 100% used [0x00000007d5b00000,0x00000007e3d00000,0x00000007e3d00000)
  from space 230912K, 0% used [0x00000007f1e80000,0x00000007f1e80000,0x0000000800000000)
  to   space 230912K, 0% used [0x00000007e3d00000,0x00000007e3d00000,0x00000007f1e80000)
 ParOldGen       total 1385472K, used 1385471K [0x0000000781200000, 0x00000007d5b00000, 0x00000007d5b00000)
  object space 1385472K, 99% used [0x0000000781200000,0x00000007d5affff8,0x00000007d5b00000)
 PSPermGen       total 21504K, used 9645K [0x000000077c000000, 0x000000077d500000, 0x0000000781200000)
  object space 21504K, 44% used [0x000000077c000000,0x000000077c96b698,0x000000077d500000)
}

